root@rescue:~# time telnet -b 54.36.186.178 ssi14.fr 80
Trying 149.202.184.59...
^C

real	0m6.320s
user	0m0.000s
sys	0m0.004s
root@rescue:~# time telnet -b 54.36.186.178 ssi14.fr 80
Trying 149.202.184.59...
Connected to ssi14.fr.
Escape character is '^]'.
^CConnection closed by foreign host.

real	0m1.829s
user	0m0.000s
sys	0m0.004s
==================================================================================================
root@rescue:~# time telnet -b 54.36.186.178 ru.wikipedia.org 443
Trying 91.198.174.192...
^C

real	0m10.155s
user	0m0.004s
sys	0m0.000s
root@rescue:~# time telnet -b 54.36.186.178 ru.wikipedia.org 443
Trying 91.198.174.192...
Connected to ru.wikipedia.org.
Escape character is '^]'.
quit
HTTP/1.1 400 Bad Request
Server: nginx/1.13.6
Date: Fri, 09 Mar 2018 15:35:39 GMT
Content-Type: text/html
Content-Length: 173
Connection: close

<html>
<head><title>400 Bad Request</title></head>
<body bgcolor="white">
<center><h1>400 Bad Request</h1></center>
<hr><center>nginx/1.13.6</center>
</body>
</html>
Connection closed by foreign host.

real	0m2.571s
user	0m0.000s
sys	0m0.004s
root@rescue:~# 
==================================================================================================
root@rescue:~# time telnet -b 54.36.186.178 yahoo.com 80
Trying 98.139.180.180...
^C

real	0m10.248s
user	0m0.004s
sys	0m0.000s
root@rescue:~# time telnet -b 54.36.186.178 yahoo.com 80
Trying 206.190.39.42...
^C

real	0m10.125s
user	0m0.004s
sys	0m0.000s
root@rescue:~# time telnet -b 54.36.186.178 yahoo.com 80
Trying 206.190.39.42...
^C

real	0m8.531s
user	0m0.000s
sys	0m0.004s
root@rescue:~# time telnet -b 54.36.186.178 yahoo.com 80
Trying 206.190.39.42...
^C

real	0m7.496s
user	0m0.004s
sys	0m0.000s
root@rescue:~# time telnet -b 54.36.186.178 yahoo.com 80
Trying 206.190.39.42...
^C

real	0m1.049s
user	0m0.004s
sys	0m0.000s
root@rescue:~# time telnet -b 54.36.186.178 yahoo.com 443
Trying 206.190.39.42...
^C

real	0m7.021s
user	0m0.000s
sys	0m0.004s
root@rescue:~# time telnet -b 54.36.186.178 yahoo.com 443
Trying 206.190.39.42...
Connected to yahoo.com.
Escape character is '^]'.
quit
^CConnection closed by foreign host.

real	0m6.224s
user	0m0.004s
sys	0m0.004s

=================================================
root@rescue:~# time telnet -b 54.36.186.178 github.com 443
Trying 192.30.253.112...
^C

real	0m17.931s
user	0m0.000s
sys	0m0.004s
root@rescue:~# time telnet -b 54.36.186.178 github.com 443
Trying 192.30.253.112...
^C

real	0m9.377s
user	0m0.000s
sys	0m0.004s
root@rescue:~# time telnet -b 54.36.186.178 github.com 443
Trying 192.30.253.112...
^C

real	0m8.789s
user	0m0.004s
sys	0m0.000s
root@rescue:~# time telnet -b 54.36.186.178 github.com 443
Trying 192.30.253.112...
^C

real	0m8.246s
user	0m0.004s
sys	0m0.000s
root@rescue:~# time telnet -b 54.36.186.178 github.com 443
Trying 192.30.253.112...
^C

real	0m7.867s
user	0m0.004s
sys	0m0.000s
root@rescue:~# time telnet -b 54.36.186.178 github.com 443
Trying 192.30.253.112...
^C

real	0m1.083s
user	0m0.000s
sys	0m0.004s
root@rescue:~# time telnet -b 54.36.186.70 github.com 443
Trying 192.30.253.112...
Connected to github.com.
Escape character is '^]'.
^CConnection closed by foreign host.

real	0m2.248s
user	0m0.004s
sys	0m0.004s
root@rescue:~# time telnet -b 54.36.186.178 github.com 443
Trying 192.30.253.112...
Connected to github.com.
Escape character is '^]'.
^CConnection closed by foreign host.

real	0m3.215s
user	0m0.000s
sys	0m0.004s
